<?xml version="1.0" encoding="UTF-8"?>
<!-- Generated by org.testng.reporters.JUnitReportReporter -->
<testsuite hostname="LAPTOP-7HFOLU5R" failures="0" tests="4" name="com.framework.org.MavenProject.IgnoreTest" time="0.054" errors="0" timestamp="2021-04-10T13:26:13 IST" skipped="0">
  <testcase classname="com.framework.org.MavenProject.IgnoreTest" name="freekart" time="0.003"/>
  <testcase classname="com.framework.org.MavenProject.IgnoreTest" name="ultra" time="0.013"/>
  <testcase classname="com.framework.org.MavenProject.IgnoreTest" name="flipkart" time="0.003"/>
  <testcase classname="com.framework.org.MavenProject.IgnoreTest" name="amazon" time="0.035"/>
</testsuite> <!-- com.framework.org.MavenProject.IgnoreTest -->
