<?xml version="1.0" encoding="UTF-8"?>
<!-- Generated by org.testng.reporters.JUnitReportReporter -->
<testsuite hostname="LAPTOP-7HFOLU5R" failures="0" tests="4" name="com.framework.org.MavenProject.Priority" time="0.118" errors="0" timestamp="2021-03-23T12:02:42 IST" skipped="0">
  <testcase classname="com.framework.org.MavenProject.Priority" name="freekart" time="0.064"/>
  <testcase classname="com.framework.org.MavenProject.Priority" name="amazon" time="0.006"/>
  <testcase classname="com.framework.org.MavenProject.Priority" name="flipkart" time="0.010"/>
  <testcase classname="com.framework.org.MavenProject.Priority" name="ultra" time="0.038"/>
</testsuite> <!-- com.framework.org.MavenProject.Priority -->
