<?xml version="1.0" encoding="UTF-8"?>
<!-- Generated by org.testng.reporters.JUnitReportReporter -->
<testsuite hostname="LAPTOP-7HFOLU5R" failures="0" tests="1" name="com.framework.org.MavenProject.Parameterized" time="0.068" errors="0" timestamp="2021-03-24T11:22:47 IST" skipped="0">
  <testcase classname="com.framework.org.MavenProject.Parameterized" name="credential" time="0.068"/>
</testsuite> <!-- com.framework.org.MavenProject.Parameterized -->
