<?xml version="1.0" encoding="UTF-8"?>
<!-- Generated by org.testng.reporters.JUnitReportReporter -->
<testsuite hostname="LAPTOP-7HFOLU5R" failures="0" tests="2" name="com.framework.org.MavenProject.SimpleAnnotations" time="0.080" errors="0" timestamp="2021-03-23T11:40:15 IST" skipped="0">
  <testcase classname="com.framework.org.MavenProject.SimpleAnnotations" name="searchLaptop" time="0.064"/>
  <testcase classname="com.framework.org.MavenProject.SimpleAnnotations" name="searchMobile" time="0.016"/>
</testsuite> <!-- com.framework.org.MavenProject.SimpleAnnotations -->
