<?xml version="1.0" encoding="UTF-8"?>
<!-- Generated by org.testng.reporters.JUnitReportReporter -->
<testsuite hostname="LAPTOP-7HFOLU5R" failures="0" tests="6" name="com.framework.org.MavenProject.DataProviders" time="80.222" errors="0" timestamp="2021-03-26T12:54:48 IST" skipped="0">
  <testcase classname="com.framework.org.MavenProject.DataProviders" name="browserLaunch" time="12.021"/>
  <testcase classname="com.framework.org.MavenProject.DataProviders" name="browserLaunch" time="12.016"/>
  <testcase classname="com.framework.org.MavenProject.DataProviders" name="browserLaunch" time="12.574"/>
  <testcase classname="com.framework.org.MavenProject.DataProviders" name="browserLaunch" time="12.358"/>
  <testcase classname="com.framework.org.MavenProject.DataProviders" name="browserLaunch" time="18.527"/>
  <testcase classname="com.framework.org.MavenProject.DataProviders" name="browserLaunch" time="12.726"/>
</testsuite> <!-- com.framework.org.MavenProject.DataProviders -->
