<?xml version="1.0" encoding="UTF-8"?>
<!-- Generated by org.testng.reporters.JUnitReportReporter -->
<testsuite hostname="LAPTOP-7HFOLU5R" failures="0" tests="4" name="com.framework.org.MavenProject.Timeout" time="3.168" errors="1" timestamp="2021-03-23T12:05:27 IST" skipped="0">
  <testcase classname="com.framework.org.MavenProject.Timeout" name="ultra" time="0.025"/>
  <testcase classname="com.framework.org.MavenProject.Timeout" name="freekart" time="0.011"/>
  <testcase classname="com.framework.org.MavenProject.Timeout" name="flipkart" time="3.066">
    <error message="Method com.framework.org.MavenProject.Timeout.flipkart() didn&#039;t finish within the time-out 3000" type="org.testng.internal.thread.ThreadTimeoutException">
      <![CDATA[org.testng.internal.thread.ThreadTimeoutException: Method com.framework.org.MavenProject.Timeout.flipkart() didn't finish within the time-out 3000
]]>
    </error>
  </testcase> <!-- flipkart -->
  <testcase classname="com.framework.org.MavenProject.Timeout" name="amazon" time="0.066"/>
</testsuite> <!-- com.framework.org.MavenProject.Timeout -->
