<?xml version="1.0" encoding="UTF-8"?>
<!-- Generated by org.testng.reporters.JUnitReportReporter -->
<testsuite hostname="LAPTOP-7HFOLU5R" failures="0" tests="4" name="com.framework.org.MavenProject.Grouping" time="0.083" errors="0" timestamp="2021-03-25T13:11:27 IST" skipped="0">
  <testcase classname="com.framework.org.MavenProject.Grouping" name="laptopName" time="0.030"/>
  <testcase classname="com.framework.org.MavenProject.Grouping" name="mobileModel" time="0.008"/>
  <testcase classname="com.framework.org.MavenProject.Grouping" name="laptopProcessor" time="0.017"/>
  <testcase classname="com.framework.org.MavenProject.Grouping" name="mobileName" time="0.028"/>
</testsuite> <!-- com.framework.org.MavenProject.Grouping -->
