<?xml version="1.0" encoding="UTF-8"?>
<!-- Generated by org.testng.reporters.JUnitReportReporter -->
<testsuite hostname="LAPTOP-7HFOLU5R" failures="0" tests="8" name="com.framework.org.MavenProject.Multiple" time="0.245" errors="0" timestamp="2021-03-23T12:04:07 IST" skipped="0">
  <testcase classname="com.framework.org.MavenProject.Multiple" name="freekart" time="0.004"/>
  <testcase classname="com.framework.org.MavenProject.Multiple" name="flipkart" time="0.073"/>
  <testcase classname="com.framework.org.MavenProject.Multiple" name="flipkart" time="0.015"/>
  <testcase classname="com.framework.org.MavenProject.Multiple" name="flipkart" time="0.017"/>
  <testcase classname="com.framework.org.MavenProject.Multiple" name="flipkart" time="0.021"/>
  <testcase classname="com.framework.org.MavenProject.Multiple" name="amazon" time="0.058"/>
  <testcase classname="com.framework.org.MavenProject.Multiple" name="flipkart" time="0.011"/>
  <testcase classname="com.framework.org.MavenProject.Multiple" name="ultra" time="0.046"/>
</testsuite> <!-- com.framework.org.MavenProject.Multiple -->
