<?xml version="1.0" encoding="UTF-8"?>
<!-- Generated by org.testng.reporters.JUnitReportReporter -->
<testsuite hostname="LAPTOP-7HFOLU5R" failures="0" tests="1" name="com.framework.org.MavenProject.Assert" time="0.057" errors="0" timestamp="2021-03-25T13:19:32 IST" skipped="0">
  <testcase classname="com.framework.org.MavenProject.Assert" name="test" time="0.057"/>
</testsuite> <!-- com.framework.org.MavenProject.Assert -->
